<?xml version="1.0" encoding="UTF-8"?>
<testng-results skipped="0" failed="0" ignored="0" total="0" passed="0">
  <reporter-output>
  </reporter-output>
  <suite name="stepDefinitions.LoginFunctionalityTest" duration-ms="11" started-at="2021-11-22T16:48:48 IST" finished-at="2021-11-22T16:48:48 IST">
    <groups>
    </groups>
    <test name="Command line test" duration-ms="11" started-at="2021-11-22T16:48:48 IST" finished-at="2021-11-22T16:48:48 IST">
    </test> <!-- Command line test -->
  </suite> <!-- stepDefinitions.LoginFunctionalityTest -->
</testng-results>
